0 info it worked if it ends with ok
1 verbose cli [ '/home/don/.nvm/versions/node/v6.11.0/bin/node',
1 verbose cli   '/home/don/.nvm/versions/node/v6.11.0/bin/npm',
1 verbose cli   'run',
1 verbose cli   'dev' ]
2 info using npm@3.10.10
3 info using node@v6.11.0
4 verbose run-script [ 'predev', 'dev', 'postdev' ]
5 info lifecycle reka@0.1.0~predev: reka@0.1.0
6 silly lifecycle reka@0.1.0~predev: no script for predev, continuing
7 info lifecycle reka@0.1.0~dev: reka@0.1.0
8 verbose lifecycle reka@0.1.0~dev: unsafe-perm in lifecycle true
9 verbose lifecycle reka@0.1.0~dev: PATH: /home/don/.nvm/versions/node/v6.11.0/lib/node_modules/npm/bin/node-gyp-bin:/home/don/projects/reka/node_modules/.bin:/home/don/.nvm/versions/node/v6.11.0/bin:/usr/local/sbin:/usr/local/bin:/usr/bin:/opt/android-sdk/platform-tools:/opt/android-sdk/tools:/opt/android-sdk/tools/bin:/var/lib/snapd/snap/bin:/usr/lib/jvm/default/bin:/usr/bin/site_perl:/usr/bin/vendor_perl:/usr/bin/core_perl:/usr/local/bin:/usr/bin:/bin:/home/don/.local/bin:/home/don/projects/dotfiles/bin:/home/don/projects/go/bin:/home/don/.gem/ruby/2.4.0/bin:/opt/android-sdk/tools:/opt/android-sdk/platform-tools:/home/don/.cargo/bin:/usr/bin/vendor_perl
10 verbose lifecycle reka@0.1.0~dev: CWD: /home/don/projects/reka
11 silly lifecycle reka@0.1.0~dev: Args: [ '-c',
11 silly lifecycle   'nodemon --watch server & webpack --config ./client/webpack.config.js --watch' ]
12 silly lifecycle reka@0.1.0~dev: Returned: code: 143  signal: null
13 info lifecycle reka@0.1.0~dev: Failed to exec dev script
14 verbose stack Error: reka@0.1.0 dev: `nodemon --watch server & webpack --config ./client/webpack.config.js --watch`
14 verbose stack Exit status 143
14 verbose stack     at EventEmitter.<anonymous> (/home/don/.nvm/versions/node/v6.11.0/lib/node_modules/npm/lib/utils/lifecycle.js:255:16)
14 verbose stack     at emitTwo (events.js:106:13)
14 verbose stack     at EventEmitter.emit (events.js:191:7)
14 verbose stack     at ChildProcess.<anonymous> (/home/don/.nvm/versions/node/v6.11.0/lib/node_modules/npm/lib/utils/spawn.js:40:14)
14 verbose stack     at emitTwo (events.js:106:13)
14 verbose stack     at ChildProcess.emit (events.js:191:7)
14 verbose stack     at maybeClose (internal/child_process.js:891:16)
14 verbose stack     at Process.ChildProcess._handle.onexit (internal/child_process.js:226:5)
15 verbose pkgid reka@0.1.0
16 verbose cwd /home/don/projects/reka
17 error Linux 4.12.12-1-ARCH
18 error argv "/home/don/.nvm/versions/node/v6.11.0/bin/node" "/home/don/.nvm/versions/node/v6.11.0/bin/npm" "run" "dev"
19 error node v6.11.0
20 error npm  v3.10.10
21 error code ELIFECYCLE
22 error reka@0.1.0 dev: `nodemon --watch server & webpack --config ./client/webpack.config.js --watch`
22 error Exit status 143
23 error Failed at the reka@0.1.0 dev script 'nodemon --watch server & webpack --config ./client/webpack.config.js --watch'.
23 error Make sure you have the latest version of node.js and npm installed.
23 error If you do, this is most likely a problem with the reka package,
23 error not with npm itself.
23 error Tell the author that this fails on your system:
23 error     nodemon --watch server & webpack --config ./client/webpack.config.js --watch
23 error You can get information on how to open an issue for this project with:
23 error     npm bugs reka
23 error Or if that isn't available, you can get their info via:
23 error     npm owner ls reka
23 error There is likely additional logging output above.
24 verbose exit [ 1, true ]
